0 info it worked if it ends with ok
1 verbose cli [ 'C:\\Program Files\\nodejs\\\\node.exe',
1 verbose cli   'C:\\Program Files\\nodejs\\node_modules\\npm\\bin\\npm-cli.js',
1 verbose cli   'install' ]
2 info using npm@2.7.4
3 info using node@v0.12.2
4 verbose node symlink C:\Program Files\nodejs\\node.exe
5 verbose install where, deps [ 'C:\\Users\\Asus\\Documents\\NetBeansProjects\\SoPizza',
5 verbose install   [ 'express',
5 verbose install     'mysql',
5 verbose install     'browserify',
5 verbose install     'morgan',
5 verbose install     'body-parser',
5 verbose install     'method-override' ] ]
6 verbose install where, peers [ 'C:\\Users\\Asus\\Documents\\NetBeansProjects\\SoPizza', [] ]
7 info preinstall SoPizza@0.0.1
8 verbose already installed skipping morgan@~1.2.2 C:\Users\Asus\Documents\NetBeansProjects\SoPizza
9 verbose already installed skipping body-parser@~1.5.2 C:\Users\Asus\Documents\NetBeansProjects\SoPizza
10 verbose already installed skipping method-override@~2.1.2 C:\Users\Asus\Documents\NetBeansProjects\SoPizza
11 verbose already installed skipping express@~4.7.2 C:\Users\Asus\Documents\NetBeansProjects\SoPizza
12 verbose already installed skipping mysql@* C:\Users\Asus\Documents\NetBeansProjects\SoPizza
13 silly cache add args [ 'browserify@*', null ]
14 verbose cache add spec browserify@*
15 silly cache add parsed spec { raw: 'browserify@*',
15 silly cache add   scope: null,
15 silly cache add   name: 'browserify',
15 silly cache add   rawSpec: '*',
15 silly cache add   spec: '*',
15 silly cache add   type: 'range' }
16 verbose addNamed browserify@*
17 silly addNamed semver.valid null
18 silly addNamed semver.validRange *
19 silly addNameRange { name: 'browserify', range: '*', hasData: false }
20 silly mapToRegistry name browserify
21 silly mapToRegistry using default registry
22 silly mapToRegistry registry https://registry.npmjs.org/
23 silly mapToRegistry uri https://registry.npmjs.org/browserify
24 verbose addNameRange registry:https://registry.npmjs.org/browserify not in flight; fetching
25 verbose request uri https://registry.npmjs.org/browserify
26 verbose request no auth needed
27 info attempt registry request try #1 at 19:15:15
28 verbose request id cc080b161cd27c2e
29 verbose etag "1AG2YDCOS0DPRYBME3HHKS1WK"
30 http request GET https://registry.npmjs.org/browserify
31 info retry will retry, error on last attempt: Error: getaddrinfo ENOENT
32 info attempt registry request try #2 at 19:15:25
33 verbose etag "1AG2YDCOS0DPRYBME3HHKS1WK"
34 http request GET https://registry.npmjs.org/browserify
35 info retry will retry, error on last attempt: Error: getaddrinfo ENOENT
36 info attempt registry request try #3 at 19:16:25
37 verbose etag "1AG2YDCOS0DPRYBME3HHKS1WK"
38 http request GET https://registry.npmjs.org/browserify
39 silly get cb [ 304, undefined ]
40 verbose etag https://registry.npmjs.org/browserify from cache
41 verbose get saving browserify to C:\Users\Asus\AppData\Roaming\npm-cache\registry.npmjs.org\browserify\.cache.json
42 silly addNameRange number 2 { name: 'browserify', range: '*', hasData: true }
43 silly addNameRange versions [ 'browserify',
43 silly addNameRange   [ '0.0.1',
43 silly addNameRange     '0.0.2',
43 silly addNameRange     '0.0.3',
43 silly addNameRange     '0.0.4',
43 silly addNameRange     '0.0.5',
43 silly addNameRange     '0.1.0',
43 silly addNameRange     '0.1.1',
43 silly addNameRange     '0.1.2',
43 silly addNameRange     '0.1.3',
43 silly addNameRange     '0.1.4',
43 silly addNameRange     '0.1.5',
43 silly addNameRange     '0.2.0',
43 silly addNameRange     '0.2.1',
43 silly addNameRange     '0.2.2',
43 silly addNameRange     '0.2.3',
43 silly addNameRange     '0.2.4',
43 silly addNameRange     '0.2.5',
43 silly addNameRange     '0.2.6',
43 silly addNameRange     '0.2.7',
43 silly addNameRange     '0.2.8',
43 silly addNameRange     '0.2.9',
43 silly addNameRange     '0.2.10',
43 silly addNameRange     '0.2.11',
43 silly addNameRange     '0.3.0',
43 silly addNameRange     '0.3.1',
43 silly addNameRange     '0.3.2',
43 silly addNameRange     '0.3.3',
43 silly addNameRange     '0.3.4',
43 silly addNameRange     '0.3.5',
43 silly addNameRange     '0.3.6',
43 silly addNameRange     '0.3.7',
43 silly addNameRange     '0.4.0',
43 silly addNameRange     '0.4.1',
43 silly addNameRange     '0.4.2',
43 silly addNameRange     '0.4.3',
43 silly addNameRange     '0.4.4',
43 silly addNameRange     '0.4.5',
43 silly addNameRange     '0.4.6',
43 silly addNameRange     '0.4.7',
43 silly addNameRange     '0.4.8',
43 silly addNameRange     '0.4.9',
43 silly addNameRange     '0.4.10',
43 silly addNameRange     '0.4.11',
43 silly addNameRange     '0.4.12',
43 silly addNameRange     '0.4.13',
43 silly addNameRange     '0.4.14',
43 silly addNameRange     '0.4.15',
43 silly addNameRange     '0.5.0',
43 silly addNameRange     '0.5.1',
43 silly addNameRange     '0.5.2',
43 silly addNameRange     '1.0.0',
43 silly addNameRange     '1.1.0',
43 silly addNameRange     '1.1.1',
43 silly addNameRange     '1.1.2',
43 silly addNameRange     '1.1.3',
43 silly addNameRange     '1.1.4',
43 silly addNameRange     '1.2.0',
43 silly addNameRange     '1.2.1',
43 silly addNameRange     '1.2.2',
43 silly addNameRange     '1.2.3',
43 silly addNameRange     '1.2.4',
43 silly addNameRange     '1.2.5',
43 silly addNameRange     '1.2.6',
43 silly addNameRange     '1.2.7',
43 silly addNameRange     '1.2.8',
43 silly addNameRange     '1.2.9',
43 silly addNameRange     '1.3.0',
43 silly addNameRange     '1.4.0',
43 silly addNameRange     '1.4.1',
43 silly addNameRange     '1.4.2',
43 silly addNameRange     '1.4.3',
43 silly addNameRange     '1.4.4',
43 silly addNameRange     '1.4.5',
43 silly addNameRange     '1.4.6',
43 silly addNameRange     '1.4.7',
43 silly addNameRange     '1.4.8',
43 silly addNameRange     '1.5.0',
43 silly addNameRange     '1.6.0',
43 silly addNameRange     '1.6.1',
43 silly addNameRange     '1.7.0',
43 silly addNameRange     '1.7.1',
43 silly addNameRange     '1.7.2',
43 silly addNameRange     '1.7.3',
43 silly addNameRange     '1.7.4',
43 silly addNameRange     '1.7.5',
43 silly addNameRange     '1.7.6',
43 silly addNameRange     '1.7.7',
43 silly addNameRange     '1.8.0',
43 silly addNameRange     '1.8.1',
43 silly addNameRange     '1.8.2',
43 silly addNameRange     '1.8.3',
43 silly addNameRange     '1.9.0',
43 silly addNameRange     '1.9.1',
43 silly addNameRange     '1.9.2',
43 silly addNameRange     '1.9.3',
43 silly addNameRange     '1.9.4',
43 silly addNameRange     '1.10.0',
43 silly addNameRange     '1.10.1',
43 silly addNameRange     '1.10.2',
43 silly addNameRange     '1.10.3',
43 silly addNameRange     '1.10.4',
43 silly addNameRange     '1.10.5',
43 silly addNameRange     '1.10.6',
43 silly addNameRange     '1.10.7',
43 silly addNameRange     '1.10.8',
43 silly addNameRange     '1.10.9',
43 silly addNameRange     '1.10.11',
43 silly addNameRange     '1.10.12',
43 silly addNameRange     '1.10.13',
43 silly addNameRange     '1.10.14',
43 silly addNameRange     '1.10.15',
43 silly addNameRange     '1.10.16',
43 silly addNameRange     '1.10.17',
43 silly addNameRange     '1.11.0',
43 silly addNameRange     '1.11.1',
43 silly addNameRange     '1.12.0',
43 silly addNameRange     '1.12.1',
43 silly addNameRange     '1.12.2',
43 silly addNameRange     '1.12.3',
43 silly addNameRange     '1.13.0',
43 silly addNameRange     '1.13.1',
43 silly addNameRange     '1.13.2',
43 silly addNameRange     '1.13.3',
43 silly addNameRange     '1.13.4',
43 silly addNameRange     '1.13.5',
43 silly addNameRange     '1.13.6',
43 silly addNameRange     '1.13.8',
43 silly addNameRange     '1.13.9',
43 silly addNameRange     '1.13.10',
43 silly addNameRange     '1.14.0',
43 silly addNameRange     '1.14.1',
43 silly addNameRange     '1.14.2',
43 silly addNameRange     '1.14.3',
43 silly addNameRange     '1.14.4',
43 silly addNameRange     '1.14.5',
43 silly addNameRange     '1.15.0',
43 silly addNameRange     '1.15.1',
43 silly addNameRange     '1.15.2',
43 silly addNameRange     '1.15.3',
43 silly addNameRange     '1.15.4',
43 silly addNameRange     '1.15.5',
43 silly addNameRange     '1.15.6',
43 silly addNameRange     '1.16.0',
43 silly addNameRange     '1.16.1',
43 silly addNameRange     '1.16.2',
43 silly addNameRange     '1.16.3',
43 silly addNameRange     '1.16.4',
43 silly addNameRange     '1.16.5',
43 silly addNameRange     '1.16.6',
43 silly addNameRange     '1.16.7',
43 silly addNameRange     '1.16.8',
43 silly addNameRange     '1.17.0',
43 silly addNameRange     '1.17.1',
43 silly addNameRange     '1.17.2',
43 silly addNameRange     '1.17.3',
43 silly addNameRange     '1.18.0',
43 silly addNameRange     '2.0.0',
43 silly addNameRange     '2.0.1',
43 silly addNameRange     '2.1.0',
43 silly addNameRange     '2.2.0',
43 silly addNameRange     '2.2.1',
43 silly addNameRange     '2.2.2',
43 silly addNameRange     '2.2.3',
43 silly addNameRange     '2.2.4',
43 silly addNameRange     '2.2.5',
43 silly addNameRange     '2.2.6',
43 silly addNameRange     '2.3.0',
43 silly addNameRange     '2.3.1',
43 silly addNameRange     '2.4.0',
43 silly addNameRange     '2.4.1',
43 silly addNameRange     '2.4.2',
43 silly addNameRange     '2.4.3',
43 silly addNameRange     '2.5.0',
43 silly addNameRange     '2.5.1',
43 silly addNameRange     '2.6.0',
43 silly addNameRange     '2.6.1',
43 silly addNameRange     '2.7.0',
43 silly addNameRange     '2.7.1',
43 silly addNameRange     '2.7.2',
43 silly addNameRange     '2.7.3',
43 silly addNameRange     '2.7.4',
43 silly addNameRange     '2.8.0',
43 silly addNameRange     '2.8.1',
43 silly addNameRange     '2.9.0',
43 silly addNameRange     '2.10.0',
43 silly addNameRange     '2.10.1',
43 silly addNameRange     '2.10.2',
43 silly addNameRange     '2.11.0',
43 silly addNameRange     '2.12.0',
43 silly addNameRange     '2.12.1',
43 silly addNameRange     '2.12.2',
43 silly addNameRange     '2.12.3',
43 silly addNameRange     '2.12.4',
43 silly addNameRange     '2.12.5',
43 silly addNameRange     '2.13.0',
43 silly addNameRange     '2.13.1',
43 silly addNameRange     '2.13.2',
43 silly addNameRange     '2.13.3',
43 silly addNameRange     '2.14.0',
43 silly addNameRange     '2.14.1',
43 silly addNameRange     '2.14.2',
43 silly addNameRange     '2.15.0',
43 silly addNameRange     '2.16.0',
43 silly addNameRange     '2.17.0',
43 silly addNameRange     '2.17.1',
43 silly addNameRange     '2.17.2',
43 silly addNameRange     '2.17.3',
43 silly addNameRange     '2.17.4',
43 silly addNameRange     '2.18.0',
43 silly addNameRange     '2.18.1',
43 silly addNameRange     '2.19.0',
43 silly addNameRange     '2.20.0',
43 silly addNameRange     '2.20.1',
43 silly addNameRange     '2.20.2',
43 silly addNameRange     '2.21.0',
43 silly addNameRange     '2.22.0',
43 silly addNameRange     '2.23.0',
43 silly addNameRange     '2.23.1',
43 silly addNameRange     '2.24.0',
43 silly addNameRange     '2.24.1',
43 silly addNameRange     '2.24.2',
43 silly addNameRange     '2.24.3',
43 silly addNameRange     '2.25.0',
43 silly addNameRange     '2.25.1',
43 silly addNameRange     '2.26.0',
43 silly addNameRange     '2.27.0',
43 silly addNameRange     '2.27.1',
43 silly addNameRange     '2.28.0',
43 silly addNameRange     '2.29.0',
43 silly addNameRange     '2.29.1',
43 silly addNameRange     '2.30.0',
43 silly addNameRange     '2.31.0',
43 silly addNameRange     '2.32.0',
43 silly addNameRange     '2.32.1',
43 silly addNameRange     '2.32.2',
43 silly addNameRange     '2.32.3',
43 silly addNameRange     '2.32.4',
43 silly addNameRange     '2.33.0',
43 silly addNameRange     '2.33.1',
43 silly addNameRange     '2.34.0',
43 silly addNameRange     '2.34.1',
43 silly addNameRange     '2.34.2',
43 silly addNameRange     '2.34.3',
43 silly addNameRange     '2.35.0',
43 silly addNameRange     '2.35.1',
43 silly addNameRange     '2.35.2',
43 silly addNameRange     '2.35.3',
43 silly addNameRange     '2.35.4',
43 silly addNameRange     '2.36.0',
43 silly addNameRange     '2.36.1',
43 silly addNameRange     '3.0.0',
43 silly addNameRange     '3.1.0',
43 silly addNameRange     '3.1.1',
43 silly addNameRange     '3.1.2',
43 silly addNameRange     '3.1.3',
43 silly addNameRange     '3.2.0',
43 silly addNameRange     '3.2.1',
43 silly addNameRange     '3.2.2',
43 silly addNameRange     '3.3.0',
43 silly addNameRange     '3.4.0',
43 silly addNameRange     '3.4.1',
43 silly addNameRange     '3.5.0',
43 silly addNameRange     '3.6.0',
43 silly addNameRange     '3.7.0',
43 silly addNameRange     '3.8.0',
43 silly addNameRange     '3.8.1',
43 silly addNameRange     '3.9.0',
43 silly addNameRange     '3.9.1',
43 silly addNameRange     '3.10.0',
43 silly addNameRange     '3.11.0',
43 silly addNameRange     '3.11.1',
43 silly addNameRange     '3.12.0',
43 silly addNameRange     '3.13.0',
43 silly addNameRange     '3.14.0',
43 silly addNameRange     '3.14.1',
43 silly addNameRange     '3.16.0',
43 silly addNameRange     '3.16.1',
43 silly addNameRange     '3.17.0',
43 silly addNameRange     '3.18.0',
43 silly addNameRange     '3.19.0',
43 silly addNameRange     '3.19.1',
43 silly addNameRange     '3.20.0',
43 silly addNameRange     '3.20.1',
43 silly addNameRange     '3.20.2',
43 silly addNameRange     '3.21.0',
43 silly addNameRange     '3.21.1',
43 silly addNameRange     '3.22.0',
43 silly addNameRange     '3.22.1',
43 silly addNameRange     '3.23.0',
43 silly addNameRange     '3.23.1',
43 silly addNameRange     '3.24.0',
43 silly addNameRange     '3.24.1',
43 silly addNameRange     '3.24.2',
43 silly addNameRange     '3.24.3',
43 silly addNameRange     '3.24.4',
43 silly addNameRange     '3.24.5',
43 silly addNameRange     '3.24.6',
43 silly addNameRange     '3.24.7',
43 silly addNameRange     '3.24.8',
43 silly addNameRange     '3.24.9',
43 silly addNameRange     '3.24.10',
43 silly addNameRange     '3.24.11',
43 silly addNameRange     '3.24.13',
43 silly addNameRange     '3.25.0',
43 silly addNameRange     '3.25.1',
43 silly addNameRange     '3.25.2',
43 silly addNameRange     '3.26.0',
43 silly addNameRange     '3.27.0',
43 silly addNameRange     '3.27.1',
43 silly addNameRange     '3.28.0',
43 silly addNameRange     '3.28.1',
43 silly addNameRange     '3.28.2',
43 silly addNameRange     '3.29.0',
43 silly addNameRange     '3.29.1',
43 silly addNameRange     '3.30.0',
43 silly addNameRange     '3.30.1',
43 silly addNameRange     '3.30.2',
43 silly addNameRange     '3.30.3',
43 silly addNameRange     '3.30.4',
43 silly addNameRange     '3.31.0',
43 silly addNameRange     '3.31.1',
43 silly addNameRange     '3.31.2',
43 silly addNameRange     '3.32.0',
43 silly addNameRange     '3.32.1',
43 silly addNameRange     '3.33.0',
43 silly addNameRange     '3.33.1',
43 silly addNameRange     '3.34.0',
43 silly addNameRange     '3.35.0',
43 silly addNameRange     '3.36.0',
43 silly addNameRange     '3.36.1',
43 silly addNameRange     '3.37.0',
43 silly addNameRange     '3.37.1',
43 silly addNameRange     '3.37.2',
43 silly addNameRange     '3.38.0',
43 silly addNameRange     '3.38.1',
43 silly addNameRange     '3.39.0',
43 silly addNameRange     '3.40.0',
43 silly addNameRange     '3.40.1',
43 silly addNameRange     '3.40.2',
43 silly addNameRange     '3.40.3',
43 silly addNameRange     '3.40.4',
43 silly addNameRange     '3.41.0',
43 silly addNameRange     '3.42.0',
43 silly addNameRange     '3.43.0',
43 silly addNameRange     '3.44.0',
43 silly addNameRange     '3.44.1',
43 silly addNameRange     '3.44.2',
43 silly addNameRange     '3.45.0',
43 silly addNameRange     '3.46.0',
43 silly addNameRange     '3.46.1',
43 silly addNameRange     '4.0.0',
43 silly addNameRange     '4.1.0',
43 silly addNameRange     '4.1.1',
43 silly addNameRange     '4.1.2',
43 silly addNameRange     '4.1.3',
43 silly addNameRange     '4.1.4',
43 silly addNameRange     '4.1.5',
43 silly addNameRange     '4.1.6',
43 silly addNameRange     '4.1.7',
43 silly addNameRange     '4.1.8',
43 silly addNameRange     '4.1.9',
43 silly addNameRange     '4.1.10',
43 silly addNameRange     '4.1.11',
43 silly addNameRange     '4.2.0',
43 silly addNameRange     '4.2.1',
43 silly addNameRange     '4.2.2',
43 silly addNameRange     '4.2.3',
43 silly addNameRange     '5.0.0',
43 silly addNameRange     '5.0.1',
43 silly addNameRange     '5.0.2',
43 silly addNameRange     '5.0.3',
43 silly addNameRange     '5.0.4',
43 silly addNameRange     '5.0.5',
43 silly addNameRange     '5.0.6',
43 silly addNameRange     '5.0.7',
43 silly addNameRange     '5.0.8',
43 silly addNameRange     '5.1.0',
43 silly addNameRange     '5.1.1',
43 silly addNameRange     '5.2.0',
43 silly addNameRange     '5.2.1',
43 silly addNameRange     '5.3.0',
43 silly addNameRange     '5.4.0',
43 silly addNameRange     '5.4.1',
43 silly addNameRange     '5.4.2',
43 silly addNameRange     '5.5.0',
43 silly addNameRange     '5.6.0',
43 silly addNameRange     '5.6.1',
43 silly addNameRange     '5.7.0',
43 silly addNameRange     '5.8.0',
43 silly addNameRange     '5.9.0',
43 silly addNameRange     '5.9.1',
43 silly addNameRange     '5.9.2',
43 silly addNameRange     '5.9.3',
43 silly addNameRange     '5.10.0',
43 silly addNameRange     '5.10.1',
43 silly addNameRange     '5.11.0',
43 silly addNameRange     '5.11.1',
43 silly addNameRange     '5.11.2',
43 silly addNameRange     '5.12.0',
43 silly addNameRange     '5.12.1',
43 silly addNameRange     '5.12.2',
43 silly addNameRange     '5.13.0',
43 silly addNameRange     '5.13.1',
43 silly addNameRange     '6.0.0',
43 silly addNameRange     '6.0.1',
43 silly addNameRange     '6.0.2',
43 silly addNameRange     '6.0.3',
43 silly addNameRange     '6.1.0',
43 silly addNameRange     '6.1.1',
43 silly addNameRange     '6.1.2',
43 silly addNameRange     '6.2.0',
43 silly addNameRange     '6.3.0',
43 silly addNameRange     '6.3.1',
43 silly addNameRange     '6.3.2',
43 silly addNameRange     '6.3.3',
43 silly addNameRange     '6.3.4',
43 silly addNameRange     '7.0.0',
43 silly addNameRange     '7.0.1',
43 silly addNameRange     '7.0.2',
43 silly addNameRange     '7.0.3',
43 silly addNameRange     '7.1.0',
43 silly addNameRange     '8.0.0',
43 silly addNameRange     '8.0.1',
43 silly addNameRange     '8.0.2',
43 silly addNameRange     '8.0.3',
43 silly addNameRange     '8.1.0',
43 silly addNameRange     '8.1.1',
43 silly addNameRange     '8.1.2',
43 silly addNameRange     '8.1.3',
43 silly addNameRange     '9.0.0',
43 silly addNameRange     '9.0.1',
43 silly addNameRange     '9.0.2',
43 silly addNameRange     '9.0.3',
43 silly addNameRange     '9.0.4',
43 silly addNameRange     '9.0.5',
43 silly addNameRange     '9.0.6',
43 silly addNameRange     '9.0.7',
43 silly addNameRange     '9.0.8',
43 silly addNameRange     '10.0.0',
43 silly addNameRange     '10.1.0',
43 silly addNameRange     '10.1.1',
43 silly addNameRange     '10.1.2',
43 silly addNameRange     '10.1.3',
43 silly addNameRange     '10.2.0',
43 silly addNameRange     '10.2.1',
43 silly addNameRange     '10.2.3' ] ]
44 verbose addNamed browserify@10.2.3
45 silly addNamed semver.valid 10.2.3
46 silly addNamed semver.validRange 10.2.3
47 silly mapToRegistry name browserify
48 silly mapToRegistry using default registry
49 silly mapToRegistry registry https://registry.npmjs.org/
50 silly mapToRegistry uri https://registry.npmjs.org/browserify
51 verbose addRemoteTarball https://registry.npmjs.org/browserify/-/browserify-10.2.3.tgz not in flight; adding
52 verbose addRemoteTarball [ 'https://registry.npmjs.org/browserify/-/browserify-10.2.3.tgz',
52 verbose addRemoteTarball   'f6a18d4d6ab31113f9fdf83f103fa01728a8206a' ]
53 info retry fetch attempt 1 at 19:16:25
54 info attempt registry request try #1 at 19:16:25
55 http fetch GET https://registry.npmjs.org/browserify/-/browserify-10.2.3.tgz
56 info retry will retry, error on last attempt: Error: getaddrinfo ENOENT
57 info attempt registry request try #2 at 19:16:35
58 http fetch GET https://registry.npmjs.org/browserify/-/browserify-10.2.3.tgz
59 info retry will retry, error on last attempt: Error: getaddrinfo ENOENT
60 info attempt registry request try #3 at 06:41:48
61 http fetch GET https://registry.npmjs.org/browserify/-/browserify-10.2.3.tgz
62 error fetch failed https://registry.npmjs.org/browserify/-/browserify-10.2.3.tgz
63 warn retry will retry, error on last attempt: Error: getaddrinfo ENOENT
64 info retry fetch attempt 2 at 06:41:58
65 info attempt registry request try #1 at 06:41:58
66 http fetch GET https://registry.npmjs.org/browserify/-/browserify-10.2.3.tgz
67 info retry will retry, error on last attempt: Error: getaddrinfo ENOENT
68 info attempt registry request try #2 at 06:42:09
69 http fetch GET https://registry.npmjs.org/browserify/-/browserify-10.2.3.tgz
70 info retry will retry, error on last attempt: Error: getaddrinfo ENOENT
71 info attempt registry request try #3 at 06:43:09
72 http fetch GET https://registry.npmjs.org/browserify/-/browserify-10.2.3.tgz
73 error fetch failed https://registry.npmjs.org/browserify/-/browserify-10.2.3.tgz
74 warn retry will retry, error on last attempt: Error: getaddrinfo ENOENT
75 info retry fetch attempt 3 at 06:44:09
76 info attempt registry request try #1 at 06:44:09
77 http fetch GET https://registry.npmjs.org/browserify/-/browserify-10.2.3.tgz
78 info retry will retry, error on last attempt: Error: getaddrinfo ENOENT
79 info attempt registry request try #2 at 06:44:19
80 http fetch GET https://registry.npmjs.org/browserify/-/browserify-10.2.3.tgz
81 info retry will retry, error on last attempt: Error: getaddrinfo ENOENT
82 info attempt registry request try #3 at 06:45:19
83 http fetch GET https://registry.npmjs.org/browserify/-/browserify-10.2.3.tgz
84 error fetch failed https://registry.npmjs.org/browserify/-/browserify-10.2.3.tgz
85 verbose stack Error: getaddrinfo ENOENT
85 verbose stack     at Object.exports._errnoException (util.js:746:11)
85 verbose stack     at errnoException (dns.js:49:15)
85 verbose stack     at GetAddrInfoReqWrap.onlookup [as oncomplete] (dns.js:94:26)
86 verbose cwd C:\Users\Asus\Documents\NetBeansProjects\SoPizza
87 error Windows_NT 6.1.7601
88 error argv "C:\\Program Files\\nodejs\\\\node.exe" "C:\\Program Files\\nodejs\\node_modules\\npm\\bin\\npm-cli.js" "install"
89 error node v0.12.2
90 error npm  v2.7.4
91 error code ENOENT
92 error errno ENOENT
93 error syscall getaddrinfo
94 error enoent getaddrinfo ENOENT
94 error enoent This is most likely not a problem with npm itself
94 error enoent and is related to npm not being able to find a file.
95 verbose exit [ 1, true ]
